#-----------------------------------------------------------
# Webtalk v2016.2 (64-bit)
# SW Build 1577090 on Thu Jun  2 16:32:35 MDT 2016
# 
# Start of session at: Thu Oct 26 16:29:34 2017
# Process ID: 3783
# Current directory: /home/mikkel/git/master/code/vivado/spi_test/spi_test.sdk/webtalk
# Command line: wbtcv -mode batch -source sdk_webtalk.tcl
# Log file: /home/mikkel/git/master/code/vivado/spi_test/spi_test.sdk/webtalk/webtalk.log
# Journal file: /home/mikkel/git/master/code/vivado/spi_test/spi_test.sdk/webtalk/webtalk.jou
#-----------------------------------------------------------
source sdk_webtalk.tcl
# webtalk_init -webtalk_dir /home/mikkel/git/master/code/vivado/spi_test/spi_test.sdk/webtalk
# webtalk_register_client -client project
# webtalk_add_data -client project -key date_generated -value "Thu Oct 26 16:29:34 2017" -context "software_version_and_target_device"
# webtalk_add_data -client project -key product_version -value "SDK v2016.2" -context "software_version_and_target_device"
# webtalk_add_data -client project -key build_version -value "2016.2" -context "software_version_and_target_device"
# webtalk_add_data -client project -key os_platform -value "amd64" -context "software_version_and_target_device"
# webtalk_add_data -client project -key registration_id -value "" -context "software_version_and_target_device"
# webtalk_add_data -client project -key tool_flow -value "SDK" -context "software_version_and_target_device"
# webtalk_add_data -client project -key beta -value "false" -context "software_version_and_target_device"
# webtalk_add_data -client project -key route_design -value "NA" -context "software_version_and_target_device"
# webtalk_add_data -client project -key target_family -value "NA" -context "software_version_and_target_device"
# webtalk_add_data -client project -key target_device -value "NA" -context "software_version_and_target_device"
# webtalk_add_data -client project -key target_package -value "NA" -context "software_version_and_target_device"
# webtalk_add_data -client project -key target_speed -value "NA" -context "software_version_and_target_device"
# webtalk_add_data -client project -key random_id -value "iqt5u82rja6r80tpoas5bbkhjt" -context "software_version_and_target_device"
# webtalk_add_data -client project -key project_id -value "2016.2_28" -context "software_version_and_target_device"
# webtalk_add_data -client project -key project_iteration -value "28" -context "software_version_and_target_device"
# webtalk_add_data -client project -key os_name -value "" -context "user_environment"
# webtalk_add_data -client project -key os_release -value "" -context "user_environment"
# webtalk_add_data -client project -key cpu_name -value "" -context "user_environment"
# webtalk_add_data -client project -key cpu_speed -value "" -context "user_environment"
# webtalk_add_data -client project -key total_processors -value "" -context "user_environment"
# webtalk_add_data -client project -key system_ram -value "" -context "user_environment"
# webtalk_register_client -client sdk
# webtalk_add_data -client sdk -key uid -value "1509028032000" -context "sdk\\\\bsp/1509028032000"
# webtalk_add_data -client sdk -key hwid -value "1509020961000" -context "sdk\\\\bsp/1509028032000"
# webtalk_add_data -client sdk -key os -value "standalone" -context "sdk\\\\bsp/1509028032000"
# webtalk_add_data -client sdk -key apptemplate -value "hello_world" -context "sdk\\\\bsp/1509028032000"
# webtalk_add_data -client sdk -key uid -value "1509028033000" -context "sdk\\\\application/1509028033000"
# webtalk_add_data -client sdk -key hwid -value "1509020961000" -context "sdk\\\\application/1509028033000"
# webtalk_add_data -client sdk -key bspid -value "1509028032000" -context "sdk\\\\application/1509028033000"
# webtalk_add_data -client sdk -key newbsp -value "true" -context "sdk\\\\application/1509028033000"
# webtalk_add_data -client sdk -key os -value "standalone" -context "sdk\\\\application/1509028033000"
# webtalk_add_data -client sdk -key apptemplate -value "hello_world" -context "sdk\\\\application/1509028033000"
# webtalk_transmit -clientid 4046274112 -regid "" -xml /home/mikkel/git/master/code/vivado/spi_test/spi_test.sdk/webtalk/usage_statistics_ext_sdk.xml -html /home/mikkel/git/master/code/vivado/spi_test/spi_test.sdk/webtalk/usage_statistics_ext_sdk.html -wdm /home/mikkel/git/master/code/vivado/spi_test/spi_test.sdk/webtalk/sdk_webtalk.wdm -intro "<H3>SDK Usage Report</H3><BR>"
# webtalk_terminate
INFO: [Common 17-206] Exiting Webtalk at Thu Oct 26 16:29:34 2017...
